<?xml version="1.0" encoding="UTF-8"?>
<testsuite xmlns:xsi="http://www.w3.org/2001/XMLSchema-instance" xsi:noNamespaceSchemaLocation="https://maven.apache.org/surefire/maven-surefire-plugin/xsd/surefire-test-report-3.0.xsd" version="3.0" name="com.edwinokoronkwo.hotelstaffservice.StaffControllerTest" time="2.183" tests="11" errors="0" skipped="0" failures="3">
  <properties>
[...]
</properties>
  <testcase name="updateStaff_shouldUpdateStaff" classname="com.edwinokoronkwo.hotelstaffservice.StaffControllerTest" time="0.237">
    <system-out><![CDATA[2025-03-28T13:39:06.649-06:00  INFO 12776 --- [hotel-staff-service] [           main] t.c.s.AnnotationConfigContextLoaderUtils : Could not detect default configuration classes for test class [com.edwinokoronkwo.hotelstaffservice.StaffControllerTest]: StaffControllerTest does not declare any static, non-private, non-final, nested classes annotated with @Configuration.
2025-03-28T13:39:06.694-06:00  INFO 12776 --- [hotel-staff-service] [           main] .b.t.c.SpringBootTestContextBootstrapper : Found @SpringBootConfiguration com.edwinokoronkwo.hotelstaffservice.HotelStaffServiceApplication for test class com.edwinokoronkwo.hotelstaffservice.StaffControllerTest

  .   ____          _            __ _ _
 /\\ / ___'_ __ _ _(_)_ __  __ _ \ \ \ \
( ( )\___ | '_ | '_| | '_ \/ _` | \ \ \ \
 \\/  ___)| |_)| | | | | || (_| |  ) ) ) )
  '  |____| .__|_| |_|_| |_\__, | / / / /
 =========|_|==============|___/=/_/_/_/

 :: Spring Boot ::                (v3.4.4)

2025-03-28T13:39:07.787-06:00  INFO 12776 --- [hotel-staff-service] [           main] c.e.h.StaffControllerTest                : Starting StaffControllerTest using Java 21.0.6 with PID 12776 (started by edwin in C:\CentennialCollege\EnterpriseApplicationDevelopment\Assignments\Assignment4\hotel-staff-service)
2025-03-28T13:39:07.788-06:00  INFO 12776 --- [hotel-staff-service] [           main] c.e.h.StaffControllerTest                : No active profile set, falling back to 1 default profile: "default"
2025-03-28T13:39:08.244-06:00  WARN 12776 --- [hotel-staff-service] [           main] .s.s.UserDetailsServiceAutoConfiguration : 

Using generated security password: b991c5f6-cd23-4cbd-99fb-76f335304d85

This generated password is for development use only. Your security configuration must be updated before running your application in production.

2025-03-28T13:39:08.247-06:00  INFO 12776 --- [hotel-staff-service] [           main] r$InitializeUserDetailsManagerConfigurer : Global AuthenticationManager configured with UserDetailsService bean with name inMemoryUserDetailsManager
2025-03-28T13:39:08.298-06:00  INFO 12776 --- [hotel-staff-service] [           main] o.s.b.t.m.w.SpringBootMockServletContext : Initializing Spring TestDispatcherServlet ''
2025-03-28T13:39:08.299-06:00  INFO 12776 --- [hotel-staff-service] [           main] o.s.t.web.servlet.TestDispatcherServlet  : Initializing Servlet ''
2025-03-28T13:39:08.300-06:00  INFO 12776 --- [hotel-staff-service] [           main] o.s.t.web.servlet.TestDispatcherServlet  : Completed initialization in 1 ms
2025-03-28T13:39:08.328-06:00  INFO 12776 --- [hotel-staff-service] [           main] c.e.h.StaffControllerTest                : Started StaffControllerTest in 1.63 seconds (process running for 27.796)
]]></system-out>
  </testcase>
  <testcase name="getAllStaffSorted_shouldReturnSortedStaff" classname="com.edwinokoronkwo.hotelstaffservice.StaffControllerTest" time="0.041"/>
  <testcase name="updateStaffRating_shouldReturnUpdatedStaff_whenStaffExists" classname="com.edwinokoronkwo.hotelstaffservice.StaffControllerTest" time="0.029">
    <failure type="java.lang.AssertionError"><![CDATA[java.lang.AssertionError: Status expected:<200> but was:<400>
	at com.edwinokoronkwo.hotelstaffservice.StaffControllerTest.updateStaffRating_shouldReturnUpdatedStaff_whenStaffExists(StaffControllerTest.java:78)
]]></failure>
    <system-out><![CDATA[2025-03-28T13:39:08.629-06:00  WARN 12776 --- [hotel-staff-service] [           main] .w.s.m.s.DefaultHandlerExceptionResolver : Resolved [org.springframework.http.converter.HttpMessageNotReadableException: Required request body is missing: public org.springframework.http.ResponseEntity<com.edwinokoronkwo.hotelstaffservice.model.Staff> com.edwinokoronkwo.hotelstaffservice.controller.StaffController.updateStaffRating(java.lang.Long,java.util.Map<java.lang.String, java.lang.Integer>)]

MockHttpServletRequest:
      HTTP Method = PUT
      Request URI = /staff/1/rating
       Parameters = {performanceRating=[5]}
          Headers = [Content-Type:"application/json"]
             Body = <no character encoding set>
    Session Attrs = {}

Handler:
             Type = com.edwinokoronkwo.hotelstaffservice.controller.StaffController
           Method = com.edwinokoronkwo.hotelstaffservice.controller.StaffController#updateStaffRating(Long, Map)

Async:
    Async started = false
     Async result = null

Resolved Exception:
             Type = org.springframework.http.converter.HttpMessageNotReadableException

ModelAndView:
        View name = null
             View = null
            Model = null

FlashMap:
       Attributes = null

MockHttpServletResponse:
           Status = 400
    Error message = null
          Headers = []
     Content type = null
             Body = 
    Forwarded URL = null
   Redirected URL = null
          Cookies = []
]]></system-out>
  </testcase>
  <testcase name="updateStaffRating_shouldReturnNotFound_whenStaffNotFound" classname="com.edwinokoronkwo.hotelstaffservice.StaffControllerTest" time="0.023">
    <failure type="java.lang.AssertionError"><![CDATA[java.lang.AssertionError: Status expected:<404> but was:<400>
	at com.edwinokoronkwo.hotelstaffservice.StaffControllerTest.updateStaffRating_shouldReturnNotFound_whenStaffNotFound(StaffControllerTest.java:95)
]]></failure>
    <system-out><![CDATA[2025-03-28T13:39:08.663-06:00  WARN 12776 --- [hotel-staff-service] [           main] .w.s.m.s.DefaultHandlerExceptionResolver : Resolved [org.springframework.http.converter.HttpMessageNotReadableException: Required request body is missing: public org.springframework.http.ResponseEntity<com.edwinokoronkwo.hotelstaffservice.model.Staff> com.edwinokoronkwo.hotelstaffservice.controller.StaffController.updateStaffRating(java.lang.Long,java.util.Map<java.lang.String, java.lang.Integer>)]

MockHttpServletRequest:
      HTTP Method = PUT
      Request URI = /staff/1/rating
       Parameters = {performanceRating=[5]}
          Headers = [Content-Type:"application/json"]
             Body = <no character encoding set>
    Session Attrs = {}

Handler:
             Type = com.edwinokoronkwo.hotelstaffservice.controller.StaffController
           Method = com.edwinokoronkwo.hotelstaffservice.controller.StaffController#updateStaffRating(Long, Map)

Async:
    Async started = false
     Async result = null

Resolved Exception:
             Type = org.springframework.http.converter.HttpMessageNotReadableException

ModelAndView:
        View name = null
             View = null
            Model = null

FlashMap:
       Attributes = null

MockHttpServletResponse:
           Status = 400
    Error message = null
          Headers = []
     Content type = null
             Body = 
    Forwarded URL = null
   Redirected URL = null
          Cookies = []
]]></system-out>
  </testcase>
  <testcase name="createStaff_shouldCreateStaff" classname="com.edwinokoronkwo.hotelstaffservice.StaffControllerTest" time="0.019"/>
  <testcase name="getStaffById_shouldReturnStaff_whenStaffExists" classname="com.edwinokoronkwo.hotelstaffservice.StaffControllerTest" time="0.026">
    <system-out><![CDATA[Mock setup: staffService.getStaffById(1) -> Staff(staffId=1, staffName=null, hotel=null, department=null, performanceRating=3)
]]></system-out>
  </testcase>
  <testcase name="getStaffById_shouldReturnNotFound_whenStaffNotFound" classname="com.edwinokoronkwo.hotelstaffservice.StaffControllerTest" time="0.012"/>
  <testcase name="deleteStaff_shouldDeleteStaff" classname="com.edwinokoronkwo.hotelstaffservice.StaffControllerTest" time="0.011"/>
  <testcase name="updateStaffRating_shouldReturnBadRequest_whenInvalidHotelAssignment" classname="com.edwinokoronkwo.hotelstaffservice.StaffControllerTest" time="0.018">
    <system-out><![CDATA[2025-03-28T13:39:08.765-06:00  WARN 12776 --- [hotel-staff-service] [           main] .w.s.m.s.DefaultHandlerExceptionResolver : Resolved [org.springframework.http.converter.HttpMessageNotReadableException: Required request body is missing: public org.springframework.http.ResponseEntity<com.edwinokoronkwo.hotelstaffservice.model.Staff> com.edwinokoronkwo.hotelstaffservice.controller.StaffController.updateStaffRating(java.lang.Long,java.util.Map<java.lang.String, java.lang.Integer>)]
]]></system-out>
  </testcase>
  <testcase name="getAllStaff_shouldReturnAllStaff" classname="com.edwinokoronkwo.hotelstaffservice.StaffControllerTest" time="0.013"/>
  <testcase name="updateStaff_shouldReturnNotFound_whenStaffNotFound" classname="com.edwinokoronkwo.hotelstaffservice.StaffControllerTest" time="0.037">
    <failure type="java.lang.AssertionError"><![CDATA[java.lang.AssertionError: Status expected:<404> but was:<400>
	at com.edwinokoronkwo.hotelstaffservice.StaffControllerTest.updateStaff_shouldReturnNotFound_whenStaffNotFound(StaffControllerTest.java:205)
]]></failure>
    <system-out><![CDATA[2025-03-28T13:39:08.819-06:00  WARN 12776 --- [hotel-staff-service] [           main] .w.s.m.s.DefaultHandlerExceptionResolver : Resolved [org.springframework.web.bind.MethodArgumentNotValidException: Validation failed for argument [1] in public org.springframework.http.ResponseEntity<com.edwinokoronkwo.hotelstaffservice.model.Staff> com.edwinokoronkwo.hotelstaffservice.controller.StaffController.updateStaff(java.lang.Long,com.edwinokoronkwo.hotelstaffservice.model.Staff): [Field error in object 'staff' on field 'staffName': rejected value [null]; codes [NotBlank.staff.staffName,NotBlank.staffName,NotBlank.java.lang.String,NotBlank]; arguments [org.springframework.context.support.DefaultMessageSourceResolvable: codes [staff.staffName,staffName]; arguments []; default message [staffName]]; default message [Staff name is mandatory]] ]

MockHttpServletRequest:
      HTTP Method = PUT
      Request URI = /staff/1
       Parameters = {}
          Headers = [Content-Type:"application/json", Content-Length:"86"]
             Body = <no character encoding set>
    Session Attrs = {}

Handler:
             Type = com.edwinokoronkwo.hotelstaffservice.controller.StaffController
           Method = com.edwinokoronkwo.hotelstaffservice.controller.StaffController#updateStaff(Long, Staff)

Async:
    Async started = false
     Async result = null

Resolved Exception:
             Type = org.springframework.web.bind.MethodArgumentNotValidException

ModelAndView:
        View name = null
             View = null
            Model = null

FlashMap:
       Attributes = null

MockHttpServletResponse:
           Status = 400
    Error message = Invalid request content.
          Headers = []
     Content type = null
             Body = 
    Forwarded URL = null
   Redirected URL = null
          Cookies = []
]]></system-out>
  </testcase>
</testsuite>